[21:25:21] [Server thread/INFO]: Starting minecraft server version 1.8
[21:25:21] [Server thread/INFO]: Loading properties
[21:25:21] [Server thread/INFO]: Default game type: SURVIVAL
[21:25:22] [Server thread/INFO]: This server is running CraftBukkit version git-Spigot-8a983f9-e81edfc (MC: 1.8) (Implementing API version 1.8-R0.1-SNAPSHOT)
[21:25:22] [Server thread/INFO]: Debug logging is disabled
[21:25:22] [Server thread/INFO]: Server Ping Player Sample Count: 12
[21:25:22] [Server thread/INFO]: Using 4 threads for Netty based IO
[21:25:22] [Server thread/INFO]: Generating keypair
[21:25:22] [Server thread/INFO]: Starting Minecraft server on *:25565
[21:25:22] [Server thread/INFO]: Set PluginClassLoader as parallel capable
[21:25:22] [Server thread/INFO]: [mcMMO] Loading mcMMO v1.5.00-b3547
[21:25:22] [Server thread/INFO]: [mcMMO] Enabling mcMMO v1.5.00-b3547
[21:25:24] [Server thread/INFO]: **** Beginning UUID conversion, this may take A LONG time ****
[21:25:24] [Server thread/INFO]: Preparing level "world"
[21:25:24] [Server thread/INFO]: -------- World Settings For [world] --------
[21:25:24] [Server thread/INFO]: Allow Zombie Pigmen to spawn from portal blocks: true
[21:25:24] [Server thread/INFO]: Item Merge Radius: 2.5
[21:25:24] [Server thread/INFO]: Item Despawn Rate: 6000
[21:25:24] [Server thread/INFO]: Arrow Despawn Rate: 1200
[21:25:24] [Server thread/INFO]: View Distance: 10
[21:25:24] [Server thread/INFO]: Zombie Aggressive Towards Villager: true
[21:25:24] [Server thread/INFO]: Chunks to Grow per Tick: 650
[21:25:24] [Server thread/INFO]: Clear tick list: false
[21:25:24] [Server thread/INFO]: Experience Merge Radius: 3.0
[21:25:24] [Server thread/INFO]: Cactus Growth Modifier: 100%
[21:25:24] [Server thread/INFO]: Cane Growth Modifier: 100%
[21:25:24] [Server thread/INFO]: Melon Growth Modifier: 100%
[21:25:24] [Server thread/INFO]: Mushroom Growth Modifier: 100%
[21:25:24] [Server thread/INFO]: Pumpkin Growth Modifier: 100%
[21:25:24] [Server thread/INFO]: Sapling Growth Modifier: 100%
[21:25:24] [Server thread/INFO]: Wheat Growth Modifier: 100%
[21:25:24] [Server thread/INFO]: Entity Activation Range: An 32 / Mo 32 / Mi 16
[21:25:24] [Server thread/INFO]: Nerfing mobs spawned from spawners: false
[21:25:24] [Server thread/INFO]: Entity Tracking Range: Pl 48 / An 48 / Mo 48 / Mi 32 / Other 64
[21:25:24] [Server thread/INFO]: Mob Spawn Range: 4
[21:25:24] [Server thread/INFO]: Structure Info Saving: true
[21:25:24] [Server thread/INFO]: Random Lighting Updates: false
[21:25:24] [Server thread/INFO]: Sending up to 10 chunks per packet
[21:25:24] [Server thread/INFO]: Max TNT Explosions: 100
[21:25:24] [Server thread/INFO]: Anti X-Ray: true
[21:25:24] [Server thread/INFO]: 	Engine Mode: 1
[21:25:24] [Server thread/INFO]: 	Hidden Blocks: [14, 15, 16, 21, 48, 49, 54, 56, 73, 74, 82, 129, 130]
[21:25:24] [Server thread/INFO]: 	Replace Blocks: [1, 5]
[21:25:24] [Server thread/INFO]: Alternative Hopper Ticking: false
[21:25:24] [Server thread/INFO]: Hopper Transfer: 8 Hopper Check: 8 Hopper Amount: 1
[21:25:24] [Server thread/INFO]: Max Entity Collisions: 8
[21:25:24] [Server thread/INFO]: Custom Map Seeds:  Village: 10387312 Feature: 14357617
[21:25:25] [Server thread/INFO]: -------- World Settings For [world_nether] --------
[21:25:25] [Server thread/INFO]: Allow Zombie Pigmen to spawn from portal blocks: true
[21:25:25] [Server thread/INFO]: Item Merge Radius: 2.5
[21:25:25] [Server thread/INFO]: Item Despawn Rate: 6000
[21:25:25] [Server thread/INFO]: Arrow Despawn Rate: 1200
[21:25:25] [Server thread/INFO]: View Distance: 10
[21:25:25] [Server thread/INFO]: Zombie Aggressive Towards Villager: true
[21:25:25] [Server thread/INFO]: Chunks to Grow per Tick: 650
[21:25:25] [Server thread/INFO]: Clear tick list: false
[21:25:25] [Server thread/INFO]: Experience Merge Radius: 3.0
[21:25:25] [Server thread/INFO]: Cactus Growth Modifier: 100%
[21:25:25] [Server thread/INFO]: Cane Growth Modifier: 100%
[21:25:25] [Server thread/INFO]: Melon Growth Modifier: 100%
[21:25:25] [Server thread/INFO]: Mushroom Growth Modifier: 100%
[21:25:25] [Server thread/INFO]: Pumpkin Growth Modifier: 100%
[21:25:25] [Server thread/INFO]: Sapling Growth Modifier: 100%
[21:25:25] [Server thread/INFO]: Wheat Growth Modifier: 100%
[21:25:25] [Server thread/INFO]: Entity Activation Range: An 32 / Mo 32 / Mi 16
[21:25:25] [Server thread/INFO]: Nerfing mobs spawned from spawners: false
[21:25:25] [Server thread/INFO]: Entity Tracking Range: Pl 48 / An 48 / Mo 48 / Mi 32 / Other 64
[21:25:25] [Server thread/INFO]: Mob Spawn Range: 4
[21:25:25] [Server thread/INFO]: Structure Info Saving: true
[21:25:25] [Server thread/INFO]: Random Lighting Updates: false
[21:25:25] [Server thread/INFO]: Sending up to 10 chunks per packet
[21:25:25] [Server thread/INFO]: Max TNT Explosions: 100
[21:25:25] [Server thread/INFO]: Anti X-Ray: true
[21:25:25] [Server thread/INFO]: 	Engine Mode: 1
[21:25:25] [Server thread/INFO]: 	Hidden Blocks: [14, 15, 16, 21, 48, 49, 54, 56, 73, 74, 82, 129, 130]
[21:25:25] [Server thread/INFO]: 	Replace Blocks: [1, 5]
[21:25:25] [Server thread/INFO]: Alternative Hopper Ticking: false
[21:25:25] [Server thread/INFO]: Hopper Transfer: 8 Hopper Check: 8 Hopper Amount: 1
[21:25:25] [Server thread/INFO]: Max Entity Collisions: 8
[21:25:25] [Server thread/INFO]: Custom Map Seeds:  Village: 10387312 Feature: 14357617
[21:25:25] [Server thread/INFO]: -------- World Settings For [world_the_end] --------
[21:25:25] [Server thread/INFO]: Allow Zombie Pigmen to spawn from portal blocks: true
[21:25:25] [Server thread/INFO]: Item Merge Radius: 2.5
[21:25:25] [Server thread/INFO]: Item Despawn Rate: 6000
[21:25:25] [Server thread/INFO]: Arrow Despawn Rate: 1200
[21:25:25] [Server thread/INFO]: View Distance: 10
[21:25:25] [Server thread/INFO]: Zombie Aggressive Towards Villager: true
[21:25:25] [Server thread/INFO]: Chunks to Grow per Tick: 650
[21:25:25] [Server thread/INFO]: Clear tick list: false
[21:25:25] [Server thread/INFO]: Experience Merge Radius: 3.0
[21:25:25] [Server thread/INFO]: Cactus Growth Modifier: 100%
[21:25:25] [Server thread/INFO]: Cane Growth Modifier: 100%
[21:25:25] [Server thread/INFO]: Melon Growth Modifier: 100%
[21:25:25] [Server thread/INFO]: Mushroom Growth Modifier: 100%
[21:25:25] [Server thread/INFO]: Pumpkin Growth Modifier: 100%
[21:25:25] [Server thread/INFO]: Sapling Growth Modifier: 100%
[21:25:25] [Server thread/INFO]: Wheat Growth Modifier: 100%
[21:25:25] [Server thread/INFO]: Entity Activation Range: An 32 / Mo 32 / Mi 16
[21:25:25] [Server thread/INFO]: Nerfing mobs spawned from spawners: false
[21:25:25] [Server thread/INFO]: Entity Tracking Range: Pl 48 / An 48 / Mo 48 / Mi 32 / Other 64
[21:25:25] [Server thread/INFO]: Mob Spawn Range: 4
[21:25:25] [Server thread/INFO]: Structure Info Saving: true
[21:25:25] [Server thread/INFO]: Random Lighting Updates: false
[21:25:25] [Server thread/INFO]: Sending up to 10 chunks per packet
[21:25:25] [Server thread/INFO]: Max TNT Explosions: 100
[21:25:25] [Server thread/INFO]: Anti X-Ray: true
[21:25:25] [Server thread/INFO]: 	Engine Mode: 1
[21:25:25] [Server thread/INFO]: 	Hidden Blocks: [14, 15, 16, 21, 48, 49, 54, 56, 73, 74, 82, 129, 130]
[21:25:25] [Server thread/INFO]: 	Replace Blocks: [1, 5]
[21:25:25] [Server thread/INFO]: Alternative Hopper Ticking: false
[21:25:25] [Server thread/INFO]: Hopper Transfer: 8 Hopper Check: 8 Hopper Amount: 1
[21:25:25] [Server thread/INFO]: Max Entity Collisions: 8
[21:25:25] [Server thread/INFO]: Custom Map Seeds:  Village: 10387312 Feature: 14357617
[21:25:25] [Server thread/INFO]: Preparing start region for level 0 (Seed: -7311207883413810125)
[21:25:26] [Server thread/INFO]: Preparing spawn area: 40%
[21:25:27] [Server thread/INFO]: Preparing start region for level 1 (Seed: -7311207883413810125)
[21:25:28] [Server thread/INFO]: Preparing spawn area: 21%
[21:25:29] [Server thread/INFO]: Preparing spawn area: 56%
[21:25:30] [Server thread/INFO]: Preparing spawn area: 97%
[21:25:30] [Server thread/INFO]: Preparing start region for level 2 (Seed: -7311207883413810125)
[21:25:30] [Server thread/INFO]: Server permissions file permissions.yml is empty, ignoring it
[21:25:30] [Server thread/INFO]: Done (6.126s)! For help, type "help" or "?"
[21:25:31] [Craft Scheduler Thread - 0/INFO]: [mcMMO] Cleaned backup files. Deleted 3 of 29 files.
[21:26:15] [User Authenticator #1/INFO]: UUID of player garythemastr is 0f4957dd-1306-42e7-96cf-89e7892778ae
[21:26:15] [Server thread/INFO]: garythemastr[/127.0.0.1:54284] logged in with entity id 344 at ([world] -5007.424272482227, 65.0, 171.15808610405094)
[21:36:11] [Server thread/INFO]: garythemastr issued server command: /gamemode 1
[21:36:11] [Server thread/INFO]: [garythemastr: Set own game mode to Creative Mode]
[21:36:59] [Server thread/INFO]: garythemastr issued server command: /gamemode 0
[21:36:59] [Server thread/INFO]: [garythemastr: Set own game mode to Survival Mode]
[21:37:15] [Server thread/WARN]: garythemastr moved wrongly!
[21:37:40] [Server thread/INFO]: garythemastr issued server command: /gamemode 1
[21:37:40] [Server thread/INFO]: [garythemastr: Set own game mode to Creative Mode]
[21:37:57] [Server thread/INFO]: garythemastr lost connection: Disconnected
[21:37:57] [Server thread/INFO]: garythemastr left the game.
[21:38:01] [Server thread/INFO]: Saving...
[21:38:01] [Server thread/INFO]: Saved the world
[21:38:02] [Server thread/INFO]: Stopping the server
[21:38:02] [Server thread/INFO]: Stopping server
[21:38:02] [Server thread/INFO]: [mcMMO] Disabling mcMMO v1.5.00-b3547
[21:38:02] [Server thread/INFO]: Saving players
[21:38:02] [Server thread/INFO]: Saving worlds
[21:38:02] [Server thread/INFO]: Saving chunks for level 'world'/Overworld
[21:38:02] [Server thread/INFO]: Saving chunks for level 'world_nether'/Nether
[21:38:02] [Server thread/INFO]: Saving chunks for level 'world_the_end'/The End
